0 info it worked if it ends with ok
1 verbose cli [ '/usr/bin/nodejs',
1 verbose cli   '/usr/bin/npm',
1 verbose cli   'install',
1 verbose cli   'tns-android-metadata-generator' ]
2 info using npm@2.14.7
3 info using node@v4.2.2
4 verbose install initial load of /home/nathan/michigan-hackers/parse-todo-nativescript/package.json
5 warn package.json @ No description
6 warn package.json @ No repository field.
7 warn package.json @ No README data
8 warn package.json @ No license field.
9 verbose installManyTop reading scoped package data from /home/nathan/michigan-hackers/parse-todo-nativescript/node_modules/nativescript-dev-typescript/package.json
10 verbose installManyTop reading scoped package data from /home/nathan/michigan-hackers/parse-todo-nativescript/node_modules/tns-core-modules/package.json
11 verbose installManyTop reading scoped package data from /home/nathan/michigan-hackers/parse-todo-nativescript/node_modules/typescript/package.json
12 info package.json tns-core-modules@1.5.0 No README data
13 verbose readDependencies loading dependencies from /home/nathan/michigan-hackers/parse-todo-nativescript/package.json
14 silly cache add args [ 'tns-android-metadata-generator', null ]
15 verbose cache add spec tns-android-metadata-generator
16 silly cache add parsed spec Result {
16 silly cache add   raw: 'tns-android-metadata-generator',
16 silly cache add   scope: null,
16 silly cache add   name: 'tns-android-metadata-generator',
16 silly cache add   rawSpec: '',
16 silly cache add   spec: '*',
16 silly cache add   type: 'range' }
17 silly addNamed tns-android-metadata-generator@*
18 verbose addNamed "*" is a valid semver range for tns-android-metadata-generator
19 silly addNameRange { name: 'tns-android-metadata-generator',
19 silly addNameRange   range: '*',
19 silly addNameRange   hasData: false }
20 silly mapToRegistry name tns-android-metadata-generator
21 silly mapToRegistry using default registry
22 silly mapToRegistry registry https://registry.npmjs.org/
23 silly mapToRegistry uri https://registry.npmjs.org/tns-android-metadata-generator
24 verbose addNameRange registry:https://registry.npmjs.org/tns-android-metadata-generator not in flight; fetching
25 verbose request uri https://registry.npmjs.org/tns-android-metadata-generator
26 verbose request no auth needed
27 info attempt registry request try #1 at 11:11:22 PM
28 verbose request id f8bb33cbf6cd76f0
29 http request GET https://registry.npmjs.org/tns-android-metadata-generator
30 http 404 https://registry.npmjs.org/tns-android-metadata-generator
31 verbose headers { 'content-type': 'application/json',
31 verbose headers   'cache-control': 'max-age=0',
31 verbose headers   'content-length': '2',
31 verbose headers   'accept-ranges': 'bytes',
31 verbose headers   date: 'Fri, 04 Dec 2015 04:10:15 GMT',
31 verbose headers   via: '1.1 varnish',
31 verbose headers   age: '0',
31 verbose headers   connection: 'keep-alive',
31 verbose headers   'x-served-by': 'cache-dfw1826-DFW',
31 verbose headers   'x-cache': 'MISS',
31 verbose headers   'x-cache-hits': '0',
31 verbose headers   'x-timer': 'S1449202215.418429,VS0,VE71' }
32 silly get cb [ 404,
32 silly get   { 'content-type': 'application/json',
32 silly get     'cache-control': 'max-age=0',
32 silly get     'content-length': '2',
32 silly get     'accept-ranges': 'bytes',
32 silly get     date: 'Fri, 04 Dec 2015 04:10:15 GMT',
32 silly get     via: '1.1 varnish',
32 silly get     age: '0',
32 silly get     connection: 'keep-alive',
32 silly get     'x-served-by': 'cache-dfw1826-DFW',
32 silly get     'x-cache': 'MISS',
32 silly get     'x-cache-hits': '0',
32 silly get     'x-timer': 'S1449202215.418429,VS0,VE71' } ]
33 verbose stack Error: Registry returned 404 for GET on https://registry.npmjs.org/tns-android-metadata-generator
33 verbose stack     at makeError (/usr/lib/node_modules/npm/node_modules/npm-registry-client/lib/request.js:264:12)
33 verbose stack     at CachingRegistryClient.<anonymous> (/usr/lib/node_modules/npm/node_modules/npm-registry-client/lib/request.js:242:14)
33 verbose stack     at Request._callback (/usr/lib/node_modules/npm/node_modules/npm-registry-client/lib/request.js:172:14)
33 verbose stack     at Request.self.callback (/usr/lib/node_modules/npm/node_modules/request/request.js:198:22)
33 verbose stack     at emitTwo (events.js:87:13)
33 verbose stack     at Request.emit (events.js:172:7)
33 verbose stack     at Request.<anonymous> (/usr/lib/node_modules/npm/node_modules/request/request.js:1063:14)
33 verbose stack     at emitOne (events.js:82:20)
33 verbose stack     at Request.emit (events.js:169:7)
33 verbose stack     at IncomingMessage.<anonymous> (/usr/lib/node_modules/npm/node_modules/request/request.js:1009:12)
34 verbose statusCode 404
35 verbose pkgid tns-android-metadata-generator
36 verbose cwd /home/nathan/michigan-hackers/parse-todo-nativescript
37 error Linux 3.16.0-4-amd64
38 error argv "/usr/bin/nodejs" "/usr/bin/npm" "install" "tns-android-metadata-generator"
39 error node v4.2.2
40 error npm  v2.14.7
41 error code E404
42 error 404 Registry returned 404 for GET on https://registry.npmjs.org/tns-android-metadata-generator
42 error 404
42 error 404 'tns-android-metadata-generator' is not in the npm registry.
42 error 404 You should bug the author to publish it (or use the name yourself!)
42 error 404
42 error 404 Note that you can also install from a
42 error 404 tarball, folder, http url, or git url.
43 verbose exit [ 1, true ]
